#
# There is insufficient memory for the Java Runtime Environment to continue.
# Native memory allocation (mmap) failed to map 268435456 bytes for G1 virtual space
# Possible reasons:
#   The system is out of physical RAM or swap space
#   The process is running with CompressedOops enabled, and the Java Heap may be blocking the growth of the native heap
# Possible solutions:
#   Reduce memory load on the system
#   Increase physical memory or swap space
#   Check if swap backing store is full
#   Decrease Java heap size (-Xmx/-Xms)
#   Decrease number of Java threads
#   Decrease Java thread stack sizes (-Xss)
#   Set larger code cache with -XX:ReservedCodeCacheSize=
#   JVM is running with Zero Based Compressed Oops mode in which the Java heap is
#     placed in the first 32GB address space. The Java Heap base address is the
#     maximum limit for the native heap growth. Please use -XX:HeapBaseMinAddress
#     to set the Java Heap base and to place the Java Heap above 32GB virtual address.
# This output file may be truncated or incomplete.
#
#  Out of Memory Error (os_windows.cpp:3469), pid=12880, tid=7224
#
# JRE version:  (17.0.1+12) (build )
# Java VM: Java HotSpot(TM) 64-Bit Server VM (17.0.1+12-LTS-39, mixed mode, sharing, tiered, compressed oops, compressed class ptrs, g1 gc, windows-amd64)
# No core dump will be written. Minidumps are not enabled by default on client versions of Windows
#

---------------  S U M M A R Y ------------

Command Line: -Dfile.encoding=UTF-8 

Host: AMD Ryzen 5 2600X Six-Core Processor           , 6 cores, 15G,  Windows 10 , 64 bit Build 19041 (10.0.19041.1645)
Time: Tue May  3 14:07:31 2022  Windows 10 , 64 bit Build 19041 (10.0.19041.1645) elapsed time: 0.062476 seconds (0d 0h 0m 0s)

---------------  T H R E A D  ---------------

Current thread (0x0000019304841750):  JavaThread "Unknown thread" [_thread_in_vm, id=7224, stack(0x0000006cd2200000,0x0000006cd2300000)]

Stack: [0x0000006cd2200000,0x0000006cd2300000]
Native frames: (J=compiled Java code, j=interpreted, Vv=VM code, C=native code)
V  [jvm.dll+0x66fa1a]
V  [jvm.dll+0x7ce5a4]
V  [jvm.dll+0x7cfd4e]
V  [jvm.dll+0x7d03b3]
V  [jvm.dll+0x242b05]
V  [jvm.dll+0x66ca39]
V  [jvm.dll+0x661502]
V  [jvm.dll+0x30081b]
V  [jvm.dll+0x307da6]
V  [jvm.dll+0x357a1e]
V  [jvm.dll+0x357c4f]
V  [jvm.dll+0x2d7ad8]
V  [jvm.dll+0x2d8a44]
V  [jvm.dll+0x7a01e1]
V  [jvm.dll+0x365791]
V  [jvm.dll+0x77f6cc]
V  [jvm.dll+0x3e812f]
V  [jvm.dll+0x3e9bd1]
C  [jli.dll+0x527b]
C  [ucrtbase.dll+0x21bb2]
C  [KERNEL32.DLL+0x17034]
C  [ntdll.dll+0x52651]


---------------  P R O C E S S  ---------------

Threads class SMR info:
_java_thread_list=0x00007ff81b697818, length=0, elements={
}

Java Threads: ( => current thread )

Other Threads:
  0x0000019304890300 GCTaskThread "GC Thread#0" [stack: 0x0000006cd2300000,0x0000006cd2400000] [id=13228]
  0x00000193048a18e0 ConcurrentGCThread "G1 Main Marker" [stack: 0x0000006cd2400000,0x0000006cd2500000] [id=13488]
  0x00000193048a22f0 ConcurrentGCThread "G1 Conc#0" [stack: 0x0000006cd2500000,0x0000006cd2600000] [id=12292]

[error occurred during error reporting (printing all threads), id 0xc0000005, EXCEPTION_ACCESS_VIOLATION (0xc0000005) at pc=0x00007ff81aee84b7]

VM state: not at safepoint (not fully initialized)

VM Mutex/Monitor currently owned by a thread:  ([mutex/lock_event])
[0x000001930483c7a0] Heap_lock - owner thread: 0x0000019304841750

Heap address: 0x0000000701000000, size: 4080 MB, Compressed Oops mode: Zero based, Oop shift amount: 3

CDS archive(s) mapped at: [0x0000000000000000-0x0000000000000000-0x0000000000000000), size 0, SharedBaseAddress: 0x0000000800000000, ArchiveRelocationMode: 0.
Narrow klass base: 0x0000000000000000, Narrow klass shift: 0, Narrow klass range: 0x0

GC Precious Log:
<Empty>

Heap:
 garbage-first heap   total 0K, used 0K [0x0000000701000000, 0x0000000800000000)
  region size 2048K, 0 young (0K), 0 survivors (0K)

[error occurred during error reporting (printing heap information), id 0xc0000005, EXCEPTION_ACCESS_VIOLATION (0xc0000005) at pc=0x00007ff81b2c8d89]

GC Heap History (0 events):
No events

Deoptimization events (0 events):
No events

Classes unloaded (0 events):
No events

Classes redefined (0 events):
No events

Internal exceptions (0 events):
No events

VM Operations (0 events):
No events

Events (1 events):
Event: 0.037 Loaded shared library C:\Program Files\Java\jdk-17.0.1\bin\java.dll


Dynamic libraries:
0x00007ff664940000 - 0x00007ff664950000 	C:\Program Files\Java\jdk-17.0.1\bin\java.exe
0x00007ff882d30000 - 0x00007ff882f25000 	C:\WINDOWS\SYSTEM32\ntdll.dll
0x00007ff8818d0000 - 0x00007ff88198e000 	C:\WINDOWS\System32\KERNEL32.DLL
0x00007ff880830000 - 0x00007ff880af8000 	C:\WINDOWS\System32\KERNELBASE.dll
0x00007ff880480000 - 0x00007ff880580000 	C:\WINDOWS\System32\ucrtbase.dll
0x00007ff83e760000 - 0x00007ff83e778000 	C:\Program Files\Java\jdk-17.0.1\bin\jli.dll
0x00007ff8827c0000 - 0x00007ff88286e000 	C:\WINDOWS\System32\ADVAPI32.dll
0x00007ff8819a0000 - 0x00007ff881a3e000 	C:\WINDOWS\System32\msvcrt.dll
0x00007ff880f80000 - 0x00007ff88101c000 	C:\WINDOWS\System32\sechost.dll
0x00007ff880e50000 - 0x00007ff880f75000 	C:\WINDOWS\System32\RPCRT4.dll
0x00007ff83e740000 - 0x00007ff83e75a000 	C:\Program Files\Java\jdk-17.0.1\bin\VCRUNTIME140.dll
0x00007ff882b50000 - 0x00007ff882cf0000 	C:\WINDOWS\System32\USER32.dll
0x00007ff880450000 - 0x00007ff880472000 	C:\WINDOWS\System32\win32u.dll
0x00007ff86dc00000 - 0x00007ff86de9a000 	C:\WINDOWS\WinSxS\amd64_microsoft.windows.common-controls_6595b64144ccf1df_6.0.19041.1110_none_60b5254171f9507e\COMCTL32.dll
0x00007ff882870000 - 0x00007ff88289a000 	C:\WINDOWS\System32\GDI32.dll
0x00007ff880c30000 - 0x00007ff880d3b000 	C:\WINDOWS\System32\gdi32full.dll
0x00007ff880b90000 - 0x00007ff880c2d000 	C:\WINDOWS\System32\msvcp_win.dll
0x00007ff8783b0000 - 0x00007ff8783ba000 	C:\WINDOWS\SYSTEM32\VERSION.dll
0x00007ff881790000 - 0x00007ff8817c0000 	C:\WINDOWS\System32\IMM32.DLL
0x00007ff83e730000 - 0x00007ff83e73c000 	C:\Program Files\Java\jdk-17.0.1\bin\vcruntime140_1.dll
0x00007ff83b720000 - 0x00007ff83b7ad000 	C:\Program Files\Java\jdk-17.0.1\bin\msvcp140.dll
0x00007ff81ac00000 - 0x00007ff81b7be000 	C:\Program Files\Java\jdk-17.0.1\bin\server\jvm.dll
0x00007ff881780000 - 0x00007ff881788000 	C:\WINDOWS\System32\PSAPI.DLL
0x00007ff87bfd0000 - 0x00007ff87bfd9000 	C:\WINDOWS\SYSTEM32\WSOCK32.dll
0x00007ff882750000 - 0x00007ff8827bb000 	C:\WINDOWS\System32\WS2_32.dll
0x00007ff877850000 - 0x00007ff877877000 	C:\WINDOWS\SYSTEM32\WINMM.dll
0x00007ff87e390000 - 0x00007ff87e3a2000 	C:\WINDOWS\SYSTEM32\kernel.appcore.dll
0x00007ff83b710000 - 0x00007ff83b71a000 	C:\Program Files\Java\jdk-17.0.1\bin\jimage.dll
0x00007ff86e830000 - 0x00007ff86ea14000 	C:\WINDOWS\SYSTEM32\DBGHELP.DLL
0x00007ff866fd0000 - 0x00007ff866ffc000 	C:\WINDOWS\SYSTEM32\dbgcore.DLL
0x00007ff880b00000 - 0x00007ff880b82000 	C:\WINDOWS\System32\bcryptPrimitives.dll
0x00007ff83b6e0000 - 0x00007ff83b705000 	C:\Program Files\Java\jdk-17.0.1\bin\java.dll

dbghelp: loaded successfully - version: 4.0.5 - missing functions: none
symbol engine: initialized successfully - sym options: 0x614 - pdb path: .;C:\Program Files\Java\jdk-17.0.1\bin;C:\WINDOWS\SYSTEM32;C:\WINDOWS\WinSxS\amd64_microsoft.windows.common-controls_6595b64144ccf1df_6.0.19041.1110_none_60b5254171f9507e;C:\Program Files\Java\jdk-17.0.1\bin\server

VM Arguments:
jvm_args: -Dfile.encoding=UTF-8 
java_command: <unknown>
java_class_path (initial): <not set>
Launcher Type: SUN_STANDARD

[Global flags]
     intx CICompilerCount                          = 3                                         {product} {ergonomic}
     uint ConcGCThreads                            = 2                                         {product} {ergonomic}
     uint G1ConcRefinementThreads                  = 6                                         {product} {ergonomic}
   size_t G1HeapRegionSize                         = 2097152                                   {product} {ergonomic}
    uintx GCDrainStackTargetSize                   = 64                                        {product} {ergonomic}
   size_t InitialHeapSize                          = 268435456                                 {product} {ergonomic}
   size_t MarkStackSize                            = 4194304                                   {product} {ergonomic}
   size_t MaxHeapSize                              = 4278190080                                {product} {ergonomic}
   size_t MinHeapDeltaBytes                        = 2097152                                   {product} {ergonomic}
   size_t MinHeapSize                              = 8388608                                   {product} {ergonomic}
    uintx NonNMethodCodeHeapSize                   = 5832780                                {pd product} {ergonomic}
    uintx NonProfiledCodeHeapSize                  = 122912730                              {pd product} {ergonomic}
    uintx ProfiledCodeHeapSize                     = 122912730                              {pd product} {ergonomic}
    uintx ReservedCodeCacheSize                    = 251658240                              {pd product} {ergonomic}
     bool SegmentedCodeCache                       = true                                      {product} {ergonomic}
   size_t SoftMaxHeapSize                          = 4278190080                             {manageable} {ergonomic}
     bool UseCompressedClassPointers               = true                           {product lp64_product} {ergonomic}
     bool UseCompressedOops                        = true                           {product lp64_product} {ergonomic}
     bool UseG1GC                                  = true                                      {product} {ergonomic}
     bool UseLargePagesIndividualAllocation        = false                                  {pd product} {ergonomic}

Logging:
Log output configuration:
 #0: stdout all=warning uptime,level,tags
 #1: stderr all=off uptime,level,tags

Environment Variables:
JAVA_TOOL_OPTIONS=-Dfile.encoding=UTF-8
PATH=C:\Program Files\Common Files\Oracle\Java\javapath;C:\Windows\system32;C:\Windows;C:\Windows\System32\Wbem;C:\Windows\System32\WindowsPowerShell\v1.0\;C:\Program Files (x86)\NVIDIA Corporation\PhysX\Common;C:\Program Files\NVIDIA Corporation\NVIDIA NvDLISR;C:\WINDOWS\system32;C:\WINDOWS;C:\WINDOWS\System32\Wbem;C:\WINDOWS\System32\WindowsPowerShell\v1.0\;C:\WINDOWS\System32\OpenSSH\;D:\GitTortoise\bin;D:\Git\cmd;C:\Users\Administrator\AppData\Local\Microsoft\WindowsApps;;D:\software\Microsoft VS Code\bin
USERNAME=Administrator
OS=Windows_NT
PROCESSOR_IDENTIFIER=AMD64 Family 23 Model 8 Stepping 2, AuthenticAMD



---------------  S Y S T E M  ---------------

OS:
 Windows 10 , 64 bit Build 19041 (10.0.19041.1645)
OS uptime: 0 days 0:58 hours

CPU: total 6 (initial active 6) (12 cores per cpu, 2 threads per core) family 23 model 8 stepping 2 microcode 0x0, cx8, cmov, fxsr, ht, mmx, 3dnowpref, sse, sse2, sse3, ssse3, sse4a, sse4.1, sse4.2, popcnt, lzcnt, tsc, tscinvbit, avx, avx2, aes, clmul, bmi1, bmi2, adx, sha, fma, vzeroupper, clflush, clflushopt

Memory: 4k page, system-wide physical 16313M (3284M free)
TotalPageFile size 32058M (AvailPageFile size 252M)
current process WorkingSet (physical memory assigned to process): 10M, peak: 10M
current process commit charge ("private bytes"): 56M, peak: 312M

vm_info: Java HotSpot(TM) 64-Bit Server VM (17.0.1+12-LTS-39) for windows-amd64 JRE (17.0.1+12-LTS-39), built on Sep 27 2021 18:41:35 by "mach5one" with MS VC++ 16.8 (VS2019)

END.
